<?xml version="1.0" encoding="UTF-8"?>
<!-- Generated by org.testng.reporters.JUnitReportReporter -->
<testsuite hostname="nsl-nearsoft.corp.beyond.ai" failures="0" tests="2" name="JavaBasics.Ciclos" time="6.279" errors="0" timestamp="2022-02-26T10:44:46 MST" skipped="0">
  <testcase classname="JavaBasics.Ciclos" name="condicionalSwitch" time="6.273"/>
  <system-out>
    <![CDATA[Ingersa un numero de mes
Octubre]]>
  </system-out>
  <testcase classname="JavaBasics.Ciclos" name="ciclo" time="0.006"/>
  <system-out>
    <![CDATA[El valor de nuestro indice es: 0
El valor de nuestro indice es: 1
El valor de nuestro indice es: 2
El valor de nuestro indice es: 3
El valor de nuestro indice es: 4
El valor de nuestro indice es: 5
El valor de nuestro indice es: 6
El valor de nuestro indice es: 7
El valor de nuestro indice es: 8
El valor de nuestro indice es: 9
El valor de nuestro indice es: 10
El valor de nuestro indice es WHILE: 0
El valor de nuestro indice es WHILE: 1
El valor de nuestro indice es WHILE: 2
El valor de nuestro indice es WHILE: 3
El valor de nuestro indice es WHILE: 4
El valor de nuestro indice es WHILE: 5
El valor de nuestro indice es WHILE: 6
El valor de nuestro indice es WHILE: 7
El valor de nuestro indice es WHILE: 8
El valor de nuestro indice es WHILE: 9
El valor de nuestro indice es WHILE: 10]]>
  </system-out>
</testsuite> <!-- JavaBasics.Ciclos -->
