<?xml version="1.0" encoding="UTF-8"?>
<!-- Generated by org.testng.reporters.JUnitReportReporter -->
<testsuite hostname="nsl-nearsoft.corp.beyond.ai" failures="0" tests="1" name="JavaBasics.PromedioDeCalificaciones" time="14.390" errors="0" timestamp="2022-02-26T09:22:44 MST" skipped="0">
  <testcase classname="JavaBasics.PromedioDeCalificaciones" name="calcularPromedioPorTeclado" time="14.390"/>
  <system-out>
    <![CDATA[Ingresa la calificacion1:
Ingresa la calificacion2:
El promedio de calificaciones es :30.0]]>
  </system-out>
</testsuite> <!-- JavaBasics.PromedioDeCalificaciones -->
