<?xml version="1.0" encoding="UTF-8"?>
<!-- Generated by org.testng.reporters.JUnitReportReporter -->
<testsuite hostname="nsl-nearsoft.corp.beyond.ai" failures="0" tests="1" name="JavaBasics.Tarea1" time="6.518" errors="0" timestamp="2022-03-02T18:41:25 MST" skipped="0">
  <testcase classname="JavaBasics.Tarea1" name="numberCompture" time="6.518"/>
  <system-out>
    <![CDATA[Ingersa el primer numero a comparar
Ingersa el segundo numero a comparar
Ambos numeros son iguales [10.0 = 10.0
Programa Terminado]]>
  </system-out>
</testsuite> <!-- JavaBasics.Tarea1 -->
