<?xml version="1.0" encoding="UTF-8"?>
<!-- Generated by org.testng.reporters.JUnitReportReporter -->
<testsuite hostname="nsl-nearsoft.corp.beyond.ai" failures="0" tests="1" name="JavaBasics.TestVehiculo" time="0.006" errors="0" timestamp="2022-03-12T08:01:52 MST" skipped="0">
  <testcase classname="JavaBasics.TestVehiculo" name="datosVehiculoEnArreglo" time="0.006"/>
  <system-out/>
</testsuite> <!-- JavaBasics.TestVehiculo -->
