<?xml version="1.0" encoding="UTF-8"?>
<!-- Generated by org.testng.reporters.JUnitReportReporter -->
<testsuite hostname="nsl-nearsoft.corp.beyond.ai" failures="0" tests="1" name="JavaBasics.TestArreglo" time="0.006" errors="0" timestamp="2022-03-12T01:43:58 MST" skipped="0">
  <testcase classname="JavaBasics.TestArreglo" name="probarArreglos" time="0.006"/>
  <system-out/>
</testsuite> <!-- JavaBasics.TestArreglo -->
