<?xml version="1.0" encoding="UTF-8"?>
<!-- Generated by org.testng.reporters.JUnitReportReporter -->
<testsuite hostname="nsl-nearsoft.corp.beyond.ai" failures="0" tests="1" name="selenium.PrimerScript" time="4.436" errors="0" timestamp="2022-03-19T00:07:58 MST" skipped="0">
  <testcase classname="selenium.PrimerScript" name="tercerScriptSelenium" time="4.436"/>
  <system-out>
    <![CDATA[El usuario que ingresaste es Admin
El password que ingresaste es admin123]]>
  </system-out>
</testsuite> <!-- selenium.PrimerScript -->
