<?xml version="1.0" encoding="UTF-8"?>
<!-- Generated by org.testng.reporters.JUnitReportReporter -->
<testsuite hostname="nsl-nearsoft.corp.beyond.ai" failures="0" tests="3" name="JavaBasics.HolaMundo" time="0.008" errors="0" timestamp="2022-02-26T08:38:14 MST" skipped="0">
  <testcase classname="JavaBasics.HolaMundo" name="typeOfVariables" time="0.005"/>
  <system-out>
    <![CDATA[El valor de la variable: 10
La sumatoria es: 21]]>
  </system-out>
  <testcase classname="JavaBasics.HolaMundo" name="showConsole" time="0.001"/>
  <system-out>
    <![CDATA[Hola Mundo
La sumatoria es: 22]]>
  </system-out>
  <testcase classname="JavaBasics.HolaMundo" name="operacionesAritmeticas" time="0.002"/>
  <system-out>
    <![CDATA[El resultado de la suma es: 109.0
El resultado de la resta es: -89.0
El resultado de la multiplicaciones: 990.0
El resultado de la division: 0.0
El resultado del residuo : 10.0]]>
  </system-out>
</testsuite> <!-- JavaBasics.HolaMundo -->
