<?xml version="1.0" encoding="UTF-8"?>
<!-- Generated by org.testng.reporters.JUnitReportReporter -->
<testsuite hostname="nsl-nearsoft.corp.beyond.ai" failures="0" tests="1" name="JavaBasics.TestCuenta" time="12.636" errors="0" timestamp="2022-03-12T09:12:01 MST" skipped="0">
  <testcase classname="JavaBasics.TestCuenta" name="probarCuenta" time="12.636"/>
  <system-out/>
</testsuite> <!-- JavaBasics.TestCuenta -->
